<?xml version="1.0" encoding="UTF-8"?><testsuite errors="1" failures="0" name="Prueba DevCo" skipped="0" tests="1" time="108.52" timestamp="2023-05-15 04:59:09"><testcase name="Crear una nota de texto enriquecido con letra en negrita"><error message="no such element: Unable to locate element: {&quot;method&quot;:&quot;xpath&quot;,&quot;selector&quot;:&quot;/html[1]/body[1]/div[2]/section[1]/div[1]/div[1]/div[3]/div[3]/div[2]/main[1]/div[1]/div[1]/div[1]/div[1]/div[1]/button[1]&quot;}&#10;  (Session info: chrome=112.0.5615.140)&#10;For documentation on this error, please visit: https://www.seleniumhq.org/exceptions/no_such_element.html&#10;Build info: version: '3.141.59', revision: 'e82be7d358', time: '2018-11-14T08:17:03'&#10;System info: host: 'PE-HO-451', ip: '192.168.20.25', os.name: 'Windows 10', os.arch: 'amd64', os.version: '10.0', java.version: '1.8.0_342'&#10;Driver info: org.openqa.selenium.chrome.ChromeDriver&#10;Capabilities {acceptInsecureCerts: false, browserName: chrome, browserVersion: 112.0.5615.140, chrome: {chromedriverVersion: 111.0.5563.64 (c710e93d5b63..., userDataDir: C:\Users\NICOLA~1\AppData\L...}, goog:chromeOptions: {debuggerAddress: localhost:57463}, javascriptEnabled: true, networkConnectionEnabled: false, pageLoadStrategy: normal, platform: WINDOWS, platformName: WINDOWS, proxy: Proxy(), setWindowRect: true, strictFileInteractability: false, timeouts: {implicit: 0, pageLoad: 300000, script: 30000}, unhandledPromptBehavior: dismiss and notify, webauthn:extension:credBlob: true, webauthn:extension:largeBlob: true, webauthn:extension:minPinLength: true, webauthn:extension:prf: true, webauthn:virtualAuthenticators: true}&#10;Session ID: 1b113cc7281c354d67eedcbe994821b9&#10;*** Element info: {Using=xpath, value=/html[1]/body[1]/div[2]/section[1]/div[1]/div[1]/div[3]/div[3]/div[2]/main[1]/div[1]/div[1]/div[1]/div[1]/div[1]/button[1]}" type="java.lang.AssertionError">no such element: Unable to locate element: {"method":"xpath","selector":"/html[1]/body[1]/div[2]/section[1]/div[1]/div[1]/div[3]/div[3]/div[2]/main[1]/div[1]/div[1]/div[1]/div[1]/div[1]/button[1]"}
  (Session info: chrome=112.0.5615.140)
For documentation on this error, please visit: https://www.seleniumhq.org/exceptions/no_such_element.html
Build info: version: '3.141.59', revision: 'e82be7d358', time: '2018-11-14T08:17:03'
System info: host: 'PE-HO-451', ip: '192.168.20.25', os.name: 'Windows 10', os.arch: 'amd64', os.version: '10.0', java.version: '1.8.0_342'
Driver info: org.openqa.selenium.chrome.ChromeDriver
Capabilities {acceptInsecureCerts: false, browserName: chrome, browserVersion: 112.0.5615.140, chrome: {chromedriverVersion: 111.0.5563.64 (c710e93d5b63..., userDataDir: C:\Users\NICOLA~1\AppData\L...}, goog:chromeOptions: {debuggerAddress: localhost:57463}, javascriptEnabled: true, networkConnectionEnabled: false, pageLoadStrategy: normal, platform: WINDOWS, platformName: WINDOWS, proxy: Proxy(), setWindowRect: true, strictFileInteractability: false, timeouts: {implicit: 0, pageLoad: 300000, script: 30000}, unhandledPromptBehavior: dismiss and notify, webauthn:extension:credBlob: true, webauthn:extension:largeBlob: true, webauthn:extension:minPinLength: true, webauthn:extension:prf: true, webauthn:virtualAuthenticators: true}
Session ID: 1b113cc7281c354d67eedcbe994821b9
*** Element info: {Using=xpath, value=/html[1]/body[1]/div[2]/section[1]/div[1]/div[1]/div[3]/div[3]/div[2]/main[1]/div[1]/div[1]/div[1]/div[1]/div[1]/button[1]}</error><system-err>no such element: Unable to locate element: {"method":"xpath","selector":"/html[1]/body[1]/div[2]/section[1]/div[1]/div[1]/div[3]/div[3]/div[2]/main[1]/div[1]/div[1]/div[1]/div[1]/div[1]/button[1]"}
  (Session info: chrome=112.0.5615.140)
For documentation on this error, please visit: https://www.seleniumhq.org/exceptions/no_such_element.html
Build info: version: '3.141.59', revision: 'e82be7d358', time: '2018-11-14T08:17:03'
System info: host: 'PE-HO-451', ip: '192.168.20.25', os.name: 'Windows 10', os.arch: 'amd64', os.version: '10.0', java.version: '1.8.0_342'
Driver info: org.openqa.selenium.chrome.ChromeDriver
Capabilities {acceptInsecureCerts: false, browserName: chrome, browserVersion: 112.0.5615.140, chrome: {chromedriverVersion: 111.0.5563.64 (c710e93d5b63..., userDataDir: C:\Users\NICOLA~1\AppData\L...}, goog:chromeOptions: {debuggerAddress: localhost:57463}, javascriptEnabled: true, networkConnectionEnabled: false, pageLoadStrategy: normal, platform: WINDOWS, platformName: WINDOWS, proxy: Proxy(), setWindowRect: true, strictFileInteractability: false, timeouts: {implicit: 0, pageLoad: 300000, script: 30000}, unhandledPromptBehavior: dismiss and notify, webauthn:extension:credBlob: true, webauthn:extension:largeBlob: true, webauthn:extension:minPinLength: true, webauthn:extension:prf: true, webauthn:virtualAuthenticators: true}
Session ID: 1b113cc7281c354d67eedcbe994821b9
*** Element info: {Using=xpath, value=/html[1]/body[1]/div[2]/section[1]/div[1]/div[1]/div[3]/div[3]/div[2]/main[1]/div[1]/div[1]/div[1]/div[1]/div[1]/button[1]}&#13;
co.com.prueba.taks.EscribirNotaNegrita.performAs(EscribirNotaNegrita.java:25)&#13;
co.com.prueba.stepDefinitions.CrearNotaTextoEnriquecido.ingresaEnElApartadoNotaDeTextoEnriquecidoDondeCreaSuNotaEnNegrita(CrearNotaTextoEnriquecido.java:48)&#13;
cucumber.runner.Runner.runPickle(Runner.java:80)&#13;
worker.org.gradle.process.internal.worker.GradleWorkerMain.run(GradleWorkerMain.java:69)&#13;
worker.org.gradle.process.internal.worker.GradleWorkerMain.main(GradleWorkerMain.java:74)&#13;
</system-err></testcase></testsuite>